The system is: Windows - 10.0.26200 - AMD64
Compiling the C compiler identification source file "CMakeCCompilerId.c" succeeded.
Compiler:  
Build flags: 
Id flags:  

The output was:
0
.NET Framework ??MSBuild ?пҺҮоҜұ 17.14.40+3e7442088
ж’Ңи„©??п•қ?ж’ұз®Үи”ӯ??2026/4/17 йҠқп•қ? 06:02:12??

иқӯВҖжҡә?1 (?о“‘иә«?ж ј?) йҠқп“Ӯ?ж’ пҺҮ? "D:\Projects\VoIP\rnnoise-build\CMakeFiles\3.24.3\CompilerIdC\CompilerIdC.vcxproj"??
PrepareForBuild:
  з”Ү?оҜӯж’ұз®Ү??жЎ…? "Debug\"??
  иқҜо“Ҹ??оЎҝж’“?з®ҸжӯҮ?оёғоң…?оҝҡжҘҠйң…иҮ¬оЁ–й–®з®ёоЎҺ?п„“о№өж’ҳоҗұ?ж’ пӢ©??оәўп—„йҡӨж—Ҙ?ж’…жүҺВҖоҝҳ??ВҖй–°е–ҹж•ҰйһҲпӢӘ?еҡ—п—Ҫ??пҒ№оЎҲ https://aka.ms/cpp/structured-output??
  з”Ү?оҜӯж’ұз®Ү??жЎ…? "Debug\CompilerIdC.tlog\"??
InitializeBuildStatus:
  ?жңӣоЎ“?пӢ©?йҲӯ?"AlwaysCreate"еҡ—п—ә?з”Үж–—иҝӨ?е…ёйҒЈиқЎ?"Debug\CompilerIdC.tlog\unsuccessfulbuild"??
  з”Ү?оҜӯйңҲп“Ғоӯң?оҝң??е”ҫ? "Debug\CompilerIdC.tlog\unsuccessfulbuild"??
VcpkgTripletSelection:
  Using triplet "x64-windows" from "D:\vcpkg\installed\x64-windows\"
  Using normalized configuration "Release"
ClCompile:
  C:\Program Files\Microsoft Visual Studio\2022\Community\VC\Tools\MSVC\14.44.35207\bin\HostX64\x64\CL.exe /c /I"D:\vcpkg\installed\x64-windows\include" /nologo /W0 /WX- /diagnostics:column /Od /D _MBCS /Gm- /EHsc /RTC1 /MDd /GS /fp:precise /Zc:wchar_t /Zc:forScope /Zc:inline /Fo"Debug\\" /Fd"Debug\vc143.pdb" /external:W0 /Gd /TC /FC /errorReport:queue CMakeCCompilerId.c
  CMakeCCompilerId.c
Link:
  C:\Program Files\Microsoft Visual Studio\2022\Community\VC\Tools\MSVC\14.44.35207\bin\HostX64\x64\link.exe /ERRORREPORT:QUEUE /OUT:".\CompilerIdC.exe" /INCREMENTAL:NO /NOLOGO /LIBPATH:"D:\vcpkg\installed\x64-windows\lib" /LIBPATH:"D:\vcpkg\installed\x64-windows\lib\manual-link" kernel32.lib user32.lib gdi32.lib winspool.lib comdlg32.lib advapi32.lib shell32.lib ole32.lib oleaut32.lib uuid.lib odbc32.lib odbccp32.lib "D:\vcpkg\installed\x64-windows\lib\*.lib" /MANIFEST /MANIFESTUAC:"level='asInvoker' uiAccess='false'" /manifest:embed /PDB:".\CompilerIdC.pdb" /SUBSYSTEM:CONSOLE /TLBID:1 /DYNAMICBASE /NXCOMPAT /IMPLIB:".\CompilerIdC.lib" /MACHINE:X64 Debug\CMakeCCompilerId.obj
  CompilerIdC.vcxproj -> D:\Projects\VoIP\rnnoise-build\CMakeFiles\3.24.3\CompilerIdC\CompilerIdC.exe
AppLocalFromInstalled:
  pwsh.exe -ExecutionPolicy Bypass -noprofile -File "D:\vcpkg\scripts\buildsystems\msbuild\applocal.ps1" "D:\Projects\VoIP\rnnoise-build\CMakeFiles\3.24.3\CompilerIdC\CompilerIdC.exe" "D:\vcpkg\installed\x64-windows\bin" "Debug\CompilerIdC.tlog\CompilerIdC.write.1u.tlog" "Debug\vcpkg.applocal.log"
  'pwsh.exe' йҠқпҡҳоҰҖ?жҠҳпҖё?оЎј??е…ёо•ғйҡһжүҺВҖој»оҸ»?з‘Ғ??п„”?ж’ҳоҗІ??еҜһжҙ»з‘јоқҖВҖ?
  "pwsh.exe -ExecutionPolicy Bypass -noprofile -File "D:\vcpkg\scripts\buildsystems\msbuild\applocal.ps1" "D:\Projects\VoIP\rnnoise-build\CMakeFiles\3.24.3\CompilerIdC\CompilerIdC.exe" "D:\vcpkg\installed\x64-windows\bin" "Debug\CompilerIdC.tlog\CompilerIdC.write.1u.tlog" "Debug\vcpkg.applocal.log"" ?иіӯиӘҳйҡһдәҘ??оөҰв…Ј 9009 иқҜо“Ҹ???
  "C:\WINDOWS\System32\WindowsPowerShell\v1.0\powershell.exe" -ExecutionPolicy Bypass -noprofile -File "D:\vcpkg\scripts\buildsystems\msbuild\applocal.ps1" "D:\Projects\VoIP\rnnoise-build\CMakeFiles\3.24.3\CompilerIdC\CompilerIdC.exe" "D:\vcpkg\installed\x64-windows\bin" "Debug\CompilerIdC.tlog\CompilerIdC.write.1u.tlog" "Debug\vcpkg.applocal.log"
PostBuildEvent:
  for %%i in (cl.exe) do @echo CMAKE_C_COMPILER=%%~$PATH:i
  :VCEnd
  CMAKE_C_COMPILER=C:\Program Files\Microsoft Visual Studio\2022\Community\VC\Tools\MSVC\14.44.35207\bin\Hostx64\x64\cl.exe
FinalizeBuildStatus:
  з”Ү?оҜӯ?иҠ·оЁ’з‘јоқғ? "Debug\CompilerIdC.tlog\unsuccessfulbuild"??
  з”Ү?оҜӯйңҲп“Ғоӯң?оҝң??е”ҫ? "Debug\CompilerIdC.tlog\CompilerIdC.lastbuildstate"??
ж’ пҺҮ? "D:\Projects\VoIP\rnnoise-build\CMakeFiles\3.24.3\CompilerIdC\CompilerIdC.vcxproj" (?о“‘иә«?ж ј?) ж’ұз®Үи”ӯж‘°п—»???

ж’ұз®Үи”ӯ?о“Һ???
    0 ?п• йғҺ??
    0 ?п•Ўп—„йҡӨ?

иқ¬оҡ©??оҝң? 00:00:00.71


Compilation of the C compiler identification source "CMakeCCompilerId.c" produced "CompilerIdC.exe"

Compilation of the C compiler identification source "CMakeCCompilerId.c" produced "CompilerIdC.vcxproj"

The C compiler identification is MSVC, found in "D:/Projects/VoIP/rnnoise-build/CMakeFiles/3.24.3/CompilerIdC/CompilerIdC.exe"

Detecting C compiler ABI info compiled with the following output:
Change Dir: D:/Projects/VoIP/rnnoise-build/CMakeFiles/CMakeTmp

Run Build Command(s):C:/Program Files/Microsoft Visual Studio/2022/Community/MSBuild/Current/Bin/amd64/MSBuild.exe cmTC_1727e.vcxproj /p:Configuration=Debug /p:Platform=x64 /p:VisualStudioVersion=17.0 /v:m && .NET Framework ??MSBuild ?пҺҮоҜұ 17.14.40+3e7442088

  Microsoft (R) C/C++ Optimizing Compiler Version 19.44.35225 for x64
  Copyright (C) Microsoft Corporation.  ?оӨҳ?з”Ҳп“Ғ??пҗӯ?йҠқиҷ«??о©’??пӢӘ??жҠјВҖ?
  cl /c /I"D:\vcpkg\installed\x64-windows\include" /Zi /W1 /WX- /diagnostics:column /Od /Ob0 /D _MBCS /D WIN32 /D _WINDOWS /D "CMAKE_INTDIR=\"Debug\"" /Gm- /RTC1 /MDd /GS /fp:precise /Zc:wchar_t /Zc:forScope /Zc:inline /Fo"cmTC_1727e.dir\Debug\\" /Fd"cmTC_1727e.dir\Debug\vc143.pdb" /external:W1 /Gd /TC /errorReport:queue "C:\Program Files\CMake\share\cmake-3.24\Modules\CMakeCCompilerABI.c"
  CMakeCCompilerABI.c
  cmTC_1727e.vcxproj -> D:\Projects\VoIP\rnnoise-build\CMakeFiles\CMakeTmp\Debug\cmTC_1727e.exe
  'pwsh.exe' йҠқпҡҳоҰҖ?жҠҳпҖё?оЎј??е…ёо•ғйҡһжүҺВҖој»оҸ»?з‘Ғ??п„”?ж’ҳоҗІ??еҜһжҙ»з‘јоқҖВҖ?



